TN:
SF:src/MarketFactory.sol
DA:38,6
FN:38,MarketFactory.createMarket
FNDA:6,MarketFactory.createMarket
DA:43,6
BRDA:43,0,0,1
BRDA:43,0,1,5
DA:44,5
BRDA:44,1,0,1
BRDA:44,1,1,4
DA:45,4
BRDA:45,2,0,1
BRDA:45,2,1,3
DA:48,3
DA:56,3
DA:63,3
DA:70,3
DA:77,2
FN:77,MarketFactory.getAllMarkets
FNDA:2,MarketFactory.getAllMarkets
DA:78,2
DA:85,1
FN:85,MarketFactory.getAllMarketAddresses
FNDA:1,MarketFactory.getAllMarketAddresses
DA:86,1
DA:87,1
DA:88,1
DA:90,1
FNF:3
FNH:3
LF:15
LH:15
BRF:6
BRH:6
end_of_record
TN:
SF:src/MockToken.sol
DA:10,68
FN:10,MockToken.constructor
FNDA:68,MockToken.constructor
DA:16,68
DA:17,68
DA:20,0
FN:20,MockToken.mint
FNDA:0,MockToken.mint
DA:21,0
DA:24,0
FN:24,MockToken.burn
FNDA:0,MockToken.burn
DA:25,0
DA:28,0
FN:28,MockToken.decimals
FNDA:0,MockToken.decimals
DA:29,0
FNF:4
FNH:1
LF:9
LH:3
BRF:0
BRH:0
end_of_record
